Analysis & Synthesis report for DE1_SoC
Mon Dec 20 18:29:29 2021
Quartus Prime Version 17.0.0 Build 595 04/25/2017 SJ Lite Edition


---------------------
; Table of Contents ;
---------------------
  1. Legal Notice
  2. Analysis & Synthesis Summary
  3. Analysis & Synthesis Settings
  4. Parallel Compilation
  5. Analysis & Synthesis Source Files Read
  6. Analysis & Synthesis Resource Usage Summary
  7. Analysis & Synthesis Resource Utilization by Entity
  8. State Machine - |DE1_SoC|Bird_Vertical:bird_position|PS
  9. State Machine - |DE1_SoC|key:user_input|PS
 10. Registers Removed During Synthesis
 11. General Register Statistics
 12. Multiplexer Restructuring Statistics (Restructuring Performed)
 13. Parameter Settings for User Entity Instance: LEDDriver:Driver
 14. Parameter Settings for User Entity Instance: key:user_input
 15. Parameter Settings for User Entity Instance: Bird_Vertical:bird_position
 16. Parameter Settings for User Entity Instance: hex1:hex_1
 17. Port Connectivity Checks: "game_status:check_game"
 18. Port Connectivity Checks: "Generate_Pipe2:random_pipe2"
 19. Port Connectivity Checks: "clock_3:clock3"
 20. Port Connectivity Checks: "clock_1:clock1"
 21. Port Connectivity Checks: "key:user_input"
 22. Port Connectivity Checks: "LEDDriver:Driver"
 23. Port Connectivity Checks: "clock_divider:divider"
 24. Post-Synthesis Netlist Statistics for Top Partition
 25. Elapsed Time Per Partition
 26. Analysis & Synthesis Messages
 27. Analysis & Synthesis Suppressed Messages



----------------
; Legal Notice ;
----------------
Copyright (C) 2017  Intel Corporation. All rights reserved.
Your use of Intel Corporation's design tools, logic functions 
and other software and tools, and its AMPP partner logic 
functions, and any output files from any of the foregoing 
(including device programming or simulation files), and any 
associated documentation or information are expressly subject 
to the terms and conditions of the Intel Program License 
Subscription Agreement, the Intel Quartus Prime License Agreement,
the Intel MegaCore Function License Agreement, or other 
applicable license agreement, including, without limitation, 
that your use is for the sole purpose of programming logic 
devices manufactured by Intel and sold by Intel or its 
authorized distributors.  Please refer to the applicable 
agreement for further details.



+-------------------------------------------------------------------------------+
; Analysis & Synthesis Summary                                                  ;
+---------------------------------+---------------------------------------------+
; Analysis & Synthesis Status     ; Successful - Mon Dec 20 18:29:29 2021       ;
; Quartus Prime Version           ; 17.0.0 Build 595 04/25/2017 SJ Lite Edition ;
; Revision Name                   ; DE1_SoC                                     ;
; Top-level Entity Name           ; DE1_SoC                                     ;
; Family                          ; Cyclone V                                   ;
; Logic utilization (in ALMs)     ; N/A                                         ;
; Total registers                 ; 60                                          ;
; Total pins                      ; 82                                          ;
; Total virtual pins              ; 0                                           ;
; Total block memory bits         ; 0                                           ;
; Total DSP Blocks                ; 0                                           ;
; Total HSSI RX PCSs              ; 0                                           ;
; Total HSSI PMA RX Deserializers ; 0                                           ;
; Total HSSI TX PCSs              ; 0                                           ;
; Total HSSI PMA TX Serializers   ; 0                                           ;
; Total PLLs                      ; 0                                           ;
; Total DLLs                      ; 0                                           ;
+---------------------------------+---------------------------------------------+


+---------------------------------------------------------------------------------------------------------------------------+
; Analysis & Synthesis Settings                                                                                             ;
+---------------------------------------------------------------------------------+--------------------+--------------------+
; Option                                                                          ; Setting            ; Default Value      ;
+---------------------------------------------------------------------------------+--------------------+--------------------+
; Device                                                                          ; 5CSEMA5F31C6       ;                    ;
; Top-level entity name                                                           ; DE1_SoC            ; DE1_SoC            ;
; Family name                                                                     ; Cyclone V          ; Cyclone V          ;
; State Machine Processing                                                        ; User-Encoded       ; Auto               ;
; Use smart compilation                                                           ; Off                ; Off                ;
; Enable parallel Assembler and TimeQuest Timing Analyzer during compilation      ; On                 ; On                 ;
; Enable compact report table                                                     ; Off                ; Off                ;
; Restructure Multiplexers                                                        ; Auto               ; Auto               ;
; MLAB Add Timing Constraints For Mixed-Port Feed-Through Mode Setting Don't Care ; Off                ; Off                ;
; Create Debugging Nodes for IP Cores                                             ; Off                ; Off                ;
; Preserve fewer node names                                                       ; On                 ; On                 ;
; OpenCore Plus hardware evaluation                                               ; Enable             ; Enable             ;
; Verilog Version                                                                 ; Verilog_2001       ; Verilog_2001       ;
; VHDL Version                                                                    ; VHDL_1993          ; VHDL_1993          ;
; Safe State Machine                                                              ; Off                ; Off                ;
; Extract Verilog State Machines                                                  ; On                 ; On                 ;
; Extract VHDL State Machines                                                     ; On                 ; On                 ;
; Ignore Verilog initial constructs                                               ; Off                ; Off                ;
; Iteration limit for constant Verilog loops                                      ; 5000               ; 5000               ;
; Iteration limit for non-constant Verilog loops                                  ; 250                ; 250                ;
; Add Pass-Through Logic to Inferred RAMs                                         ; On                 ; On                 ;
; Infer RAMs from Raw Logic                                                       ; On                 ; On                 ;
; Parallel Synthesis                                                              ; On                 ; On                 ;
; DSP Block Balancing                                                             ; Auto               ; Auto               ;
; NOT Gate Push-Back                                                              ; On                 ; On                 ;
; Power-Up Don't Care                                                             ; On                 ; On                 ;
; Remove Redundant Logic Cells                                                    ; Off                ; Off                ;
; Remove Duplicate Registers                                                      ; On                 ; On                 ;
; Ignore CARRY Buffers                                                            ; Off                ; Off                ;
; Ignore CASCADE Buffers                                                          ; Off                ; Off                ;
; Ignore GLOBAL Buffers                                                           ; Off                ; Off                ;
; Ignore ROW GLOBAL Buffers                                                       ; Off                ; Off                ;
; Ignore LCELL Buffers                                                            ; Off                ; Off                ;
; Ignore SOFT Buffers                                                             ; On                 ; On                 ;
; Limit AHDL Integers to 32 Bits                                                  ; Off                ; Off                ;
; Optimization Technique                                                          ; Balanced           ; Balanced           ;
; Carry Chain Length                                                              ; 70                 ; 70                 ;
; Auto Carry Chains                                                               ; On                 ; On                 ;
; Auto Open-Drain Pins                                                            ; On                 ; On                 ;
; Perform WYSIWYG Primitive Resynthesis                                           ; Off                ; Off                ;
; Auto ROM Replacement                                                            ; On                 ; On                 ;
; Auto RAM Replacement                                                            ; On                 ; On                 ;
; Auto DSP Block Replacement                                                      ; On                 ; On                 ;
; Auto Shift Register Replacement                                                 ; Auto               ; Auto               ;
; Allow Shift Register Merging across Hierarchies                                 ; Auto               ; Auto               ;
; Auto Clock Enable Replacement                                                   ; On                 ; On                 ;
; Strict RAM Replacement                                                          ; Off                ; Off                ;
; Allow Synchronous Control Signals                                               ; On                 ; On                 ;
; Force Use of Synchronous Clear Signals                                          ; Off                ; Off                ;
; Auto Resource Sharing                                                           ; Off                ; Off                ;
; Allow Any RAM Size For Recognition                                              ; Off                ; Off                ;
; Allow Any ROM Size For Recognition                                              ; Off                ; Off                ;
; Allow Any Shift Register Size For Recognition                                   ; Off                ; Off                ;
; Use LogicLock Constraints during Resource Balancing                             ; On                 ; On                 ;
; Ignore translate_off and synthesis_off directives                               ; Off                ; Off                ;
; Timing-Driven Synthesis                                                         ; On                 ; On                 ;
; Report Parameter Settings                                                       ; On                 ; On                 ;
; Report Source Assignments                                                       ; On                 ; On                 ;
; Report Connectivity Checks                                                      ; On                 ; On                 ;
; Ignore Maximum Fan-Out Assignments                                              ; Off                ; Off                ;
; Synchronization Register Chain Length                                           ; 3                  ; 3                  ;
; PowerPlay Power Optimization During Synthesis                                   ; Normal compilation ; Normal compilation ;
; HDL message level                                                               ; Level2             ; Level2             ;
; Suppress Register Optimization Related Messages                                 ; Off                ; Off                ;
; Number of Removed Registers Reported in Synthesis Report                        ; 5000               ; 5000               ;
; Number of Swept Nodes Reported in Synthesis Report                              ; 5000               ; 5000               ;
; Number of Inverted Registers Reported in Synthesis Report                       ; 100                ; 100                ;
; Clock MUX Protection                                                            ; On                 ; On                 ;
; Auto Gated Clock Conversion                                                     ; Off                ; Off                ;
; Block Design Naming                                                             ; Auto               ; Auto               ;
; SDC constraint protection                                                       ; Off                ; Off                ;
; Synthesis Effort                                                                ; Auto               ; Auto               ;
; Shift Register Replacement - Allow Asynchronous Clear Signal                    ; On                 ; On                 ;
; Pre-Mapping Resynthesis Optimization                                            ; Off                ; Off                ;
; Analysis & Synthesis Message Level                                              ; Medium             ; Medium             ;
; Disable Register Merging Across Hierarchies                                     ; Auto               ; Auto               ;
; Resource Aware Inference For Block RAM                                          ; On                 ; On                 ;
; Automatic Parallel Synthesis                                                    ; On                 ; On                 ;
; Partial Reconfiguration Bitstream ID                                            ; Off                ; Off                ;
+---------------------------------------------------------------------------------+--------------------+--------------------+


+------------------------------------------+
; Parallel Compilation                     ;
+----------------------------+-------------+
; Processors                 ; Number      ;
+----------------------------+-------------+
; Number detected on machine ; 8           ;
; Maximum allowed            ; 8           ;
;                            ;             ;
; Average used               ; 1.00        ;
; Maximum used               ; 8           ;
;                            ;             ;
; Usage by Processor         ; % Time Used ;
;     Processor 1            ; 100.0%      ;
;     Processor 2            ;   0.0%      ;
;     Processors 3-8         ;   0.0%      ;
+----------------------------+-------------+


+--------------------------------------------------------------------------------------------------------------------------------------+
; Analysis & Synthesis Source Files Read                                                                                               ;
+----------------------------------+-----------------+------------------------------+----------------------------------------+---------+
; File Name with User-Entered Path ; Used in Netlist ; File Type                    ; File Name with Absolute Path           ; Library ;
+----------------------------------+-----------------+------------------------------+----------------------------------------+---------+
; clock_divider.sv                 ; yes             ; User SystemVerilog HDL File  ; D:/cse369/FlappyBird/clock_divider.sv  ;         ;
; LEDDriver.sv                     ; yes             ; User SystemVerilog HDL File  ; D:/cse369/FlappyBird/LEDDriver.sv      ;         ;
; DE1_SoC.sv                       ; yes             ; User SystemVerilog HDL File  ; D:/cse369/FlappyBird/DE1_SoC.sv        ;         ;
; Bird_Vertical.sv                 ; yes             ; User SystemVerilog HDL File  ; D:/cse369/FlappyBird/Bird_Vertical.sv  ;         ;
; LED_Display.sv                   ; yes             ; User SystemVerilog HDL File  ; D:/cse369/FlappyBird/LED_Display.sv    ;         ;
; Generate_Pipe.sv                 ; yes             ; User SystemVerilog HDL File  ; D:/cse369/FlappyBird/Generate_Pipe.sv  ;         ;
; key.sv                           ; yes             ; User SystemVerilog HDL File  ; D:/cse369/FlappyBird/key.sv            ;         ;
; LFSR_4bit.sv                     ; yes             ; User SystemVerilog HDL File  ; D:/cse369/FlappyBird/LFSR_4bit.sv      ;         ;
; counter.sv                       ; yes             ; User SystemVerilog HDL File  ; D:/cse369/FlappyBird/counter.sv        ;         ;
; clock_3.sv                       ; yes             ; User SystemVerilog HDL File  ; D:/cse369/FlappyBird/clock_3.sv        ;         ;
; clock_2.sv                       ; yes             ; User SystemVerilog HDL File  ; D:/cse369/FlappyBird/clock_2.sv        ;         ;
; clock_1.sv                       ; yes             ; User SystemVerilog HDL File  ; D:/cse369/FlappyBird/clock_1.sv        ;         ;
; Generate_Pipe2.sv                ; yes             ; User SystemVerilog HDL File  ; D:/cse369/FlappyBird/Generate_Pipe2.sv ;         ;
; game_status.sv                   ; yes             ; User SystemVerilog HDL File  ; D:/cse369/FlappyBird/game_status.sv    ;         ;
; hex1.sv                          ; yes             ; User SystemVerilog HDL File  ; D:/cse369/FlappyBird/hex1.sv           ;         ;
+----------------------------------+-----------------+------------------------------+----------------------------------------+---------+


+-----------------------------------------------------------+
; Analysis & Synthesis Resource Usage Summary               ;
+---------------------------------------------+-------------+
; Resource                                    ; Usage       ;
+---------------------------------------------+-------------+
; Estimate of Logic utilization (ALMs needed) ; 92          ;
;                                             ;             ;
; Combinational ALUT usage for logic          ; 143         ;
;     -- 7 input functions                    ; 0           ;
;     -- 6 input functions                    ; 40          ;
;     -- 5 input functions                    ; 20          ;
;     -- 4 input functions                    ; 31          ;
;     -- <=3 input functions                  ; 52          ;
;                                             ;             ;
; Dedicated logic registers                   ; 60          ;
;                                             ;             ;
; I/O pins                                    ; 82          ;
;                                             ;             ;
; Total DSP Blocks                            ; 0           ;
;                                             ;             ;
; Maximum fan-out node                        ; SW[9]~input ;
; Maximum fan-out                             ; 47          ;
; Total fan-out                               ; 861         ;
; Average fan-out                             ; 2.35        ;
+---------------------------------------------+-------------+


+---------------------------------------------------------------------------------------------------------------------------------------------------------------------------------------------------------------------------------------+
; Analysis & Synthesis Resource Utilization by Entity                                                                                                                                                                                   ;
+----------------------------------+---------------------+---------------------------+-------------------+------------+------+--------------+-----------------------------------------------------------+----------------+--------------+
; Compilation Hierarchy Node       ; Combinational ALUTs ; Dedicated Logic Registers ; Block Memory Bits ; DSP Blocks ; Pins ; Virtual Pins ; Full Hierarchy Name                                       ; Entity Name    ; Library Name ;
+----------------------------------+---------------------+---------------------------+-------------------+------------+------+--------------+-----------------------------------------------------------+----------------+--------------+
; |DE1_SoC                         ; 143 (1)             ; 60 (4)                    ; 0                 ; 0          ; 82   ; 0            ; |DE1_SoC                                                  ; DE1_SoC        ; work         ;
;    |Bird_Vertical:bird_position| ; 35 (35)             ; 5 (5)                     ; 0                 ; 0          ; 0    ; 0            ; |DE1_SoC|Bird_Vertical:bird_position                      ; Bird_Vertical  ; work         ;
;    |Generate_Pipe2:random_pipe2| ; 1 (0)               ; 5 (1)                     ; 0                 ; 0          ; 0    ; 0            ; |DE1_SoC|Generate_Pipe2:random_pipe2                      ; Generate_Pipe2 ; work         ;
;       |LFSR_4bit:random_num|     ; 1 (1)               ; 4 (4)                     ; 0                 ; 0          ; 0    ; 0            ; |DE1_SoC|Generate_Pipe2:random_pipe2|LFSR_4bit:random_num ; LFSR_4bit      ; work         ;
;    |LEDDriver:Driver|            ; 27 (27)             ; 4 (4)                     ; 0                 ; 0          ; 0    ; 0            ; |DE1_SoC|LEDDriver:Driver                                 ; LEDDriver      ; work         ;
;    |clock_2:clock2|              ; 13 (13)             ; 11 (11)                   ; 0                 ; 0          ; 0    ; 0            ; |DE1_SoC|clock_2:clock2                                   ; clock_2        ; work         ;
;    |clock_divider:divider|       ; 15 (15)             ; 15 (15)                   ; 0                 ; 0          ; 0    ; 0            ; |DE1_SoC|clock_divider:divider                            ; clock_divider  ; work         ;
;    |counter:score|               ; 24 (24)             ; 12 (12)                   ; 0                 ; 0          ; 0    ; 0            ; |DE1_SoC|counter:score                                    ; counter        ; work         ;
;    |game_status:check_game|      ; 3 (3)               ; 2 (2)                     ; 0                 ; 0          ; 0    ; 0            ; |DE1_SoC|game_status:check_game                           ; game_status    ; work         ;
;    |hex1:hex_1|                  ; 21 (21)             ; 0 (0)                     ; 0                 ; 0          ; 0    ; 0            ; |DE1_SoC|hex1:hex_1                                       ; hex1           ; work         ;
;    |key:user_input|              ; 3 (3)               ; 2 (2)                     ; 0                 ; 0          ; 0    ; 0            ; |DE1_SoC|key:user_input                                   ; key            ; work         ;
+----------------------------------+---------------------+---------------------------+-------------------+------------+------+--------------+-----------------------------------------------------------+----------------+--------------+
Note: For table entries with two numbers listed, the numbers in parentheses indicate the number of resources of the given type used by the specific entity alone. The numbers listed outside of parentheses indicate the total resources of the given type used by the specific entity and all of its sub-entities in the hierarchy.


Encoding Type:  User-Encoded
+---------------------------------------------------------+
; State Machine - |DE1_SoC|Bird_Vertical:bird_position|PS ;
+---------+------+------+------+------+-------------------+
; Name    ; PS~6 ; PS~5 ; PS~4 ; PS~3 ; PS~2              ;
+---------+------+------+------+------+-------------------+
; PS.RP7  ; 0    ; 0    ; 0    ; 0    ; 0                 ;
; PS.RP1  ; 0    ; 0    ; 1    ; 1    ; 0                 ;
; PS.RP2  ; 0    ; 0    ; 1    ; 0    ; 1                 ;
; PS.RP3  ; 0    ; 0    ; 1    ; 0    ; 0                 ;
; PS.RP4  ; 0    ; 0    ; 0    ; 1    ; 1                 ;
; PS.RP5  ; 0    ; 0    ; 0    ; 1    ; 0                 ;
; PS.RP6  ; 0    ; 0    ; 0    ; 0    ; 1                 ;
; PS.RP0  ; 0    ; 0    ; 1    ; 1    ; 1                 ;
; PS.RP8  ; 0    ; 1    ; 1    ; 1    ; 1                 ;
; PS.RP9  ; 0    ; 1    ; 1    ; 1    ; 0                 ;
; PS.RP10 ; 0    ; 1    ; 1    ; 0    ; 1                 ;
; PS.RP11 ; 0    ; 1    ; 1    ; 0    ; 0                 ;
; PS.RP12 ; 0    ; 1    ; 0    ; 1    ; 1                 ;
; PS.RP13 ; 0    ; 1    ; 0    ; 1    ; 0                 ;
; PS.RP14 ; 0    ; 1    ; 0    ; 0    ; 1                 ;
; PS.RP15 ; 0    ; 1    ; 0    ; 0    ; 0                 ;
; PS.OFB  ; 1    ; 0    ; 1    ; 1    ; 1                 ;
+---------+------+------+------+------+-------------------+


Encoding Type:  User-Encoded
+--------------------------------------------+
; State Machine - |DE1_SoC|key:user_input|PS ;
+---------+------+---------------------------+
; Name    ; PS~3 ; PS~2                      ;
+---------+------+---------------------------+
; PS.off  ; 0    ; 0                         ;
; PS.hold ; 0    ; 1                         ;
; PS.on   ; 1    ; 0                         ;
+---------+------+---------------------------+


+---------------------------------------------------------------------------------------------------------------------------+
; Registers Removed During Synthesis                                                                                        ;
+------------------------------------------------------+--------------------------------------------------------------------+
; Register name                                        ; Reason for Removal                                                 ;
+------------------------------------------------------+--------------------------------------------------------------------+
; Generate_Pipe:random_pipe|pipe_code[3]               ; Merged with Generate_Pipe2:random_pipe2|pipe_code[3]               ;
; Generate_Pipe2:random_pipe2|pipe_code[2]             ; Merged with Generate_Pipe2:random_pipe2|LFSR_4bit:random_num|PS[3] ;
; Generate_Pipe:random_pipe|LFSR_4bit:random_num|PS[3] ; Merged with Generate_Pipe2:random_pipe2|LFSR_4bit:random_num|PS[3] ;
; Generate_Pipe:random_pipe|pipe_code[2]               ; Merged with Generate_Pipe2:random_pipe2|LFSR_4bit:random_num|PS[3] ;
; Generate_Pipe2:random_pipe2|pipe_code[1]             ; Merged with Generate_Pipe2:random_pipe2|LFSR_4bit:random_num|PS[2] ;
; Generate_Pipe:random_pipe|LFSR_4bit:random_num|PS[2] ; Merged with Generate_Pipe2:random_pipe2|LFSR_4bit:random_num|PS[2] ;
; Generate_Pipe:random_pipe|pipe_code[1]               ; Merged with Generate_Pipe2:random_pipe2|LFSR_4bit:random_num|PS[2] ;
; Generate_Pipe2:random_pipe2|pipe_code[0]             ; Merged with Generate_Pipe2:random_pipe2|LFSR_4bit:random_num|PS[1] ;
; Generate_Pipe:random_pipe|LFSR_4bit:random_num|PS[1] ; Merged with Generate_Pipe2:random_pipe2|LFSR_4bit:random_num|PS[1] ;
; Generate_Pipe:random_pipe|pipe_code[0]               ; Merged with Generate_Pipe2:random_pipe2|LFSR_4bit:random_num|PS[1] ;
; Generate_Pipe:random_pipe|LFSR_4bit:random_num|PS[0] ; Merged with Generate_Pipe2:random_pipe2|LFSR_4bit:random_num|PS[0] ;
; clock_divider:divider|divided_clocks[15..31]         ; Lost fanout                                                        ;
; Total Number of Removed Registers = 28               ;                                                                    ;
+------------------------------------------------------+--------------------------------------------------------------------+


+------------------------------------------------------+
; General Register Statistics                          ;
+----------------------------------------------+-------+
; Statistic                                    ; Value ;
+----------------------------------------------+-------+
; Total registers                              ; 60    ;
; Number of registers using Synchronous Clear  ; 19    ;
; Number of registers using Synchronous Load   ; 0     ;
; Number of registers using Asynchronous Clear ; 0     ;
; Number of registers using Asynchronous Load  ; 0     ;
; Number of registers using Clock Enable       ; 13    ;
; Number of registers using Preset             ; 0     ;
+----------------------------------------------+-------+


+----------------------------------------------------------------------------------------------------------------------------------------------+
; Multiplexer Restructuring Statistics (Restructuring Performed)                                                                               ;
+--------------------+-----------+---------------+----------------------+------------------------+------------+--------------------------------+
; Multiplexer Inputs ; Bus Width ; Baseline Area ; Area if Restructured ; Saving if Restructured ; Registered ; Example Multiplexer Output     ;
+--------------------+-----------+---------------+----------------------+------------------------+------------+--------------------------------+
; 5:1                ; 4 bits    ; 12 LEs        ; 8 LEs                ; 4 LEs                  ; Yes        ; |DE1_SoC|counter:score|a[0]    ;
; 6:1                ; 4 bits    ; 16 LEs        ; 8 LEs                ; 8 LEs                  ; Yes        ; |DE1_SoC|counter:score|b[0]    ;
; 6:1                ; 4 bits    ; 16 LEs        ; 12 LEs               ; 4 LEs                  ; Yes        ; |DE1_SoC|counter:score|c[1]    ;
; 8:1                ; 13 bits   ; 65 LEs        ; 26 LEs               ; 39 LEs                 ; No         ; |DE1_SoC|LEDDriver:Driver|Mux9 ;
+--------------------+-----------+---------------+----------------------+------------------------+------------+--------------------------------+


+---------------------------------------------------------------+
; Parameter Settings for User Entity Instance: LEDDriver:Driver ;
+----------------+-------+--------------------------------------+
; Parameter Name ; Value ; Type                                 ;
+----------------+-------+--------------------------------------+
; FREQDIV        ; 0     ; Signed Integer                       ;
+----------------+-------+--------------------------------------+
Note: In order to hide this table in the UI and the text report file, please set the "Show Parameter Settings in Synthesis Report" option in "Analysis and Synthesis Settings -> More Settings" to "Off".


+-------------------------------------------------------------+
; Parameter Settings for User Entity Instance: key:user_input ;
+----------------+-------+------------------------------------+
; Parameter Name ; Value ; Type                               ;
+----------------+-------+------------------------------------+
; on             ; 10    ; Unsigned Binary                    ;
; hold           ; 01    ; Unsigned Binary                    ;
; off            ; 00    ; Unsigned Binary                    ;
+----------------+-------+------------------------------------+
Note: In order to hide this table in the UI and the text report file, please set the "Show Parameter Settings in Synthesis Report" option in "Analysis and Synthesis Settings -> More Settings" to "Off".


+--------------------------------------------------------------------------+
; Parameter Settings for User Entity Instance: Bird_Vertical:bird_position ;
+----------------+-------+-------------------------------------------------+
; Parameter Name ; Value ; Type                                            ;
+----------------+-------+-------------------------------------------------+
; RP0            ; 00000 ; Unsigned Binary                                 ;
; RP1            ; 00001 ; Unsigned Binary                                 ;
; RP2            ; 00010 ; Unsigned Binary                                 ;
; RP3            ; 00011 ; Unsigned Binary                                 ;
; RP4            ; 00100 ; Unsigned Binary                                 ;
; RP5            ; 00101 ; Unsigned Binary                                 ;
; RP6            ; 00110 ; Unsigned Binary                                 ;
; RP7            ; 00111 ; Unsigned Binary                                 ;
; RP8            ; 01000 ; Unsigned Binary                                 ;
; RP9            ; 01001 ; Unsigned Binary                                 ;
; RP10           ; 01010 ; Unsigned Binary                                 ;
; RP11           ; 01011 ; Unsigned Binary                                 ;
; RP12           ; 01100 ; Unsigned Binary                                 ;
; RP13           ; 01101 ; Unsigned Binary                                 ;
; RP14           ; 01110 ; Unsigned Binary                                 ;
; RP15           ; 01111 ; Unsigned Binary                                 ;
; OFB            ; 10000 ; Unsigned Binary                                 ;
+----------------+-------+-------------------------------------------------+
Note: In order to hide this table in the UI and the text report file, please set the "Show Parameter Settings in Synthesis Report" option in "Analysis and Synthesis Settings -> More Settings" to "Off".


+---------------------------------------------------------+
; Parameter Settings for User Entity Instance: hex1:hex_1 ;
+----------------+------------+---------------------------+
; Parameter Name ; Value      ; Type                      ;
+----------------+------------+---------------------------+
; zero           ; 0001000000 ; Unsigned Binary           ;
; one            ; 0001111001 ; Unsigned Binary           ;
; two            ; 0000100100 ; Unsigned Binary           ;
; three          ; 0000110000 ; Unsigned Binary           ;
; four           ; 0000011001 ; Unsigned Binary           ;
; five           ; 0000010010 ; Unsigned Binary           ;
; six            ; 0000000010 ; Unsigned Binary           ;
; seven          ; 0001111000 ; Unsigned Binary           ;
; eight          ; 0000000000 ; Unsigned Binary           ;
; nine           ; 0000011000 ; Unsigned Binary           ;
+----------------+------------+---------------------------+
Note: In order to hide this table in the UI and the text report file, please set the "Show Parameter Settings in Synthesis Report" option in "Analysis and Synthesis Settings -> More Settings" to "Off".


+----------------------------------------------------+
; Port Connectivity Checks: "game_status:check_game" ;
+-------------+-------+----------+-------------------+
; Port        ; Type  ; Severity ; Details           ;
+-------------+-------+----------+-------------------+
; height1     ; Input ; Info     ; Stuck at VCC      ;
; height2[2]  ; Input ; Info     ; Stuck at VCC      ;
; height2[1]  ; Input ; Info     ; Stuck at GND      ;
; height2[0]  ; Input ; Info     ; Stuck at VCC      ;
; size1[1..0] ; Input ; Info     ; Stuck at GND      ;
; size1[2]    ; Input ; Info     ; Stuck at VCC      ;
; size2[1..0] ; Input ; Info     ; Stuck at VCC      ;
; size2[2]    ; Input ; Info     ; Stuck at GND      ;
+-------------+-------+----------+-------------------+


+--------------------------------------------------------------------------------------------------------------------------------------------------------------------------+
; Port Connectivity Checks: "Generate_Pipe2:random_pipe2"                                                                                                                  ;
+--------+-------+----------+----------------------------------------------------------------------------------------------------------------------------------------------+
; Port   ; Type  ; Severity ; Details                                                                                                                                      ;
+--------+-------+----------+----------------------------------------------------------------------------------------------------------------------------------------------+
; enable ; Input ; Warning  ; Declared by entity but not connected by instance. If a default value exists, it will be used.  Otherwise, the port will be connected to GND. ;
+--------+-------+----------+----------------------------------------------------------------------------------------------------------------------------------------------+


+------------------------------------------------------------------------------------------------------------------+
; Port Connectivity Checks: "clock_3:clock3"                                                                       ;
+--------+--------+----------+-------------------------------------------------------------------------------------+
; Port   ; Type   ; Severity ; Details                                                                             ;
+--------+--------+----------+-------------------------------------------------------------------------------------+
; enable ; Output ; Info     ; Connected to dangling logic. Logic that only feeds a dangling port will be removed. ;
+--------+--------+----------+-------------------------------------------------------------------------------------+


+------------------------------------------------------------------------------------------------------------------+
; Port Connectivity Checks: "clock_1:clock1"                                                                       ;
+--------+--------+----------+-------------------------------------------------------------------------------------+
; Port   ; Type   ; Severity ; Details                                                                             ;
+--------+--------+----------+-------------------------------------------------------------------------------------+
; enable ; Output ; Info     ; Connected to dangling logic. Logic that only feeds a dangling port will be removed. ;
+--------+--------+----------+-------------------------------------------------------------------------------------+


+------------------------------------------------------------------------------------------------------------------------------------------------------------------------+
; Port Connectivity Checks: "key:user_input"                                                                                                                             ;
+------+-------+----------+----------------------------------------------------------------------------------------------------------------------------------------------+
; Port ; Type  ; Severity ; Details                                                                                                                                      ;
+------+-------+----------+----------------------------------------------------------------------------------------------------------------------------------------------+
; clk  ; Input ; Warning  ; Declared by entity but not connected by instance. If a default value exists, it will be used.  Otherwise, the port will be connected to GND. ;
+------+-------+----------+----------------------------------------------------------------------------------------------------------------------------------------------+


+-----------------------------------------------+
; Port Connectivity Checks: "LEDDriver:Driver"  ;
+-------------+-------+----------+--------------+
; Port        ; Type  ; Severity ; Details      ;
+-------------+-------+----------+--------------+
; EnableCount ; Input ; Info     ; Stuck at VCC ;
+-------------+-------+----------+--------------+


+----------------------------------------------------------------------------------------------------------------------------------+
; Port Connectivity Checks: "clock_divider:divider"                                                                                ;
+------------------------+--------+----------+-------------------------------------------------------------------------------------+
; Port                   ; Type   ; Severity ; Details                                                                             ;
+------------------------+--------+----------+-------------------------------------------------------------------------------------+
; divided_clocks[31..15] ; Output ; Info     ; Connected to dangling logic. Logic that only feeds a dangling port will be removed. ;
; divided_clocks[13..0]  ; Output ; Info     ; Connected to dangling logic. Logic that only feeds a dangling port will be removed. ;
+------------------------+--------+----------+-------------------------------------------------------------------------------------+


+-----------------------------------------------------+
; Post-Synthesis Netlist Statistics for Top Partition ;
+-----------------------+-----------------------------+
; Type                  ; Count                       ;
+-----------------------+-----------------------------+
; arriav_ff             ; 60                          ;
;     ENA               ; 13                          ;
;     SCLR              ; 19                          ;
;     plain             ; 28                          ;
; arriav_lcell_comb     ; 147                         ;
;     arith             ; 25                          ;
;         1 data inputs ; 23                          ;
;         2 data inputs ; 2                           ;
;     normal            ; 122                         ;
;         0 data inputs ; 1                           ;
;         1 data inputs ; 5                           ;
;         2 data inputs ; 6                           ;
;         3 data inputs ; 19                          ;
;         4 data inputs ; 31                          ;
;         5 data inputs ; 20                          ;
;         6 data inputs ; 40                          ;
; boundary_port         ; 82                          ;
;                       ;                             ;
; Max LUT depth         ; 4.00                        ;
; Average LUT depth     ; 2.18                        ;
+-----------------------+-----------------------------+


+-------------------------------+
; Elapsed Time Per Partition    ;
+----------------+--------------+
; Partition Name ; Elapsed Time ;
+----------------+--------------+
; Top            ; 00:00:00     ;
+----------------+--------------+


+-------------------------------+
; Analysis & Synthesis Messages ;
+-------------------------------+
Info: *******************************************************************
Info: Running Quartus Prime Analysis & Synthesis
    Info: Version 17.0.0 Build 595 04/25/2017 SJ Lite Edition
    Info: Processing started: Mon Dec 20 18:29:18 2021
Info: Command: quartus_map --read_settings_files=on --write_settings_files=off DE1_SoC -c DE1_SoC
Info (20030): Parallel compilation is enabled and will use 8 of the 8 processors detected
Info (12021): Found 1 design units, including 1 entities, in source file clock_divider.sv
    Info (12023): Found entity 1: clock_divider File: D:/cse369/FlappyBird/clock_divider.sv Line: 3
Info (12021): Found 3 design units, including 3 entities, in source file leddriver.sv
    Info (12023): Found entity 1: LEDDriver File: D:/cse369/FlappyBird/LEDDriver.sv Line: 13
    Info (12023): Found entity 2: LEDDriver_Test File: D:/cse369/FlappyBird/LEDDriver.sv Line: 34
    Info (12023): Found entity 3: LEDDriver_TestPhysical File: D:/cse369/FlappyBird/LEDDriver.sv Line: 71
Info (12021): Found 1 design units, including 1 entities, in source file de1_soc.sv
    Info (12023): Found entity 1: DE1_SoC File: D:/cse369/FlappyBird/DE1_SoC.sv Line: 2
Info (12021): Found 2 design units, including 2 entities, in source file bird_vertical.sv
    Info (12023): Found entity 1: Bird_Vertical File: D:/cse369/FlappyBird/Bird_Vertical.sv Line: 2
    Info (12023): Found entity 2: Bird_Vertical_testbench File: D:/cse369/FlappyBird/Bird_Vertical.sv Line: 142
Info (12021): Found 2 design units, including 2 entities, in source file led_display.sv
    Info (12023): Found entity 1: LED_Display File: D:/cse369/FlappyBird/LED_Display.sv Line: 1
    Info (12023): Found entity 2: LED_Display_testbench File: D:/cse369/FlappyBird/LED_Display.sv Line: 46
Info (12021): Found 2 design units, including 2 entities, in source file generate_pipe.sv
    Info (12023): Found entity 1: Generate_Pipe File: D:/cse369/FlappyBird/Generate_Pipe.sv Line: 3
    Info (12023): Found entity 2: Generate_Pipe_testbench File: D:/cse369/FlappyBird/Generate_Pipe.sv Line: 76
Info (12021): Found 2 design units, including 2 entities, in source file key.sv
    Info (12023): Found entity 1: key File: D:/cse369/FlappyBird/key.sv Line: 1
    Info (12023): Found entity 2: key_testbench File: D:/cse369/FlappyBird/key.sv Line: 42
Info (12021): Found 2 design units, including 2 entities, in source file lfsr_5bit.sv
    Info (12023): Found entity 1: LFSR_5bit File: D:/cse369/FlappyBird/LFSR_5bit.sv Line: 2
    Info (12023): Found entity 2: LFSR_5bit_testbench File: D:/cse369/FlappyBird/LFSR_5bit.sv Line: 24
Info (12021): Found 2 design units, including 2 entities, in source file lfsr_4bit.sv
    Info (12023): Found entity 1: LFSR_4bit File: D:/cse369/FlappyBird/LFSR_4bit.sv Line: 2
    Info (12023): Found entity 2: LFSR_4bit_testbench File: D:/cse369/FlappyBird/LFSR_4bit.sv Line: 24
Info (12021): Found 2 design units, including 2 entities, in source file counter.sv
    Info (12023): Found entity 1: counter File: D:/cse369/FlappyBird/counter.sv Line: 3
    Info (12023): Found entity 2: counter_testbench File: D:/cse369/FlappyBird/counter.sv Line: 44
Info (12021): Found 2 design units, including 2 entities, in source file gap.sv
    Info (12023): Found entity 1: gap File: D:/cse369/FlappyBird/gap.sv Line: 2
    Info (12023): Found entity 2: LFSR_3bit File: D:/cse369/FlappyBird/gap.sv Line: 17
Info (12021): Found 2 design units, including 2 entities, in source file clock_3.sv
    Info (12023): Found entity 1: clock_3 File: D:/cse369/FlappyBird/clock_3.sv Line: 3
    Info (12023): Found entity 2: clock_3_testbench File: D:/cse369/FlappyBird/clock_3.sv Line: 21
Info (12021): Found 2 design units, including 2 entities, in source file clock_2.sv
    Info (12023): Found entity 1: clock_2 File: D:/cse369/FlappyBird/clock_2.sv Line: 4
    Info (12023): Found entity 2: clock_2_testbench File: D:/cse369/FlappyBird/clock_2.sv Line: 22
Info (12021): Found 2 design units, including 2 entities, in source file clock_1.sv
    Info (12023): Found entity 1: clock_1 File: D:/cse369/FlappyBird/clock_1.sv Line: 3
    Info (12023): Found entity 2: clock_1_testbench File: D:/cse369/FlappyBird/clock_1.sv Line: 21
Info (12021): Found 2 design units, including 2 entities, in source file generate_pipe2.sv
    Info (12023): Found entity 1: Generate_Pipe2 File: D:/cse369/FlappyBird/Generate_Pipe2.sv Line: 3
    Info (12023): Found entity 2: Generate_Pipe2_testbench File: D:/cse369/FlappyBird/Generate_Pipe2.sv Line: 77
Info (12021): Found 2 design units, including 2 entities, in source file generate_pipe3.sv
    Info (12023): Found entity 1: Generate_Pipe3 File: D:/cse369/FlappyBird/Generate_Pipe3.sv Line: 3
    Info (12023): Found entity 2: Generate_Pipe3_testbench File: D:/cse369/FlappyBird/Generate_Pipe3.sv Line: 77
Info (12021): Found 2 design units, including 2 entities, in source file game_status.sv
    Info (12023): Found entity 1: game_status File: D:/cse369/FlappyBird/game_status.sv Line: 2
    Info (12023): Found entity 2: game_status_testbench File: D:/cse369/FlappyBird/game_status.sv Line: 53
Info (12021): Found 2 design units, including 2 entities, in source file hex1.sv
    Info (12023): Found entity 1: hex1 File: D:/cse369/FlappyBird/hex1.sv Line: 1
    Info (12023): Found entity 2: hex1_testbench File: D:/cse369/FlappyBird/hex1.sv Line: 60
Info (12021): Found 2 design units, including 2 entities, in source file next_counter.sv
    Info (12023): Found entity 1: next_counter File: D:/cse369/FlappyBird/next_counter.sv Line: 2
    Info (12023): Found entity 2: next_counter_testbench File: D:/cse369/FlappyBird/next_counter.sv Line: 27
Warning (10236): Verilog HDL Implicit Net warning at DE1_SoC.sv(121): created implicit net for "GAME_OVER" File: D:/cse369/FlappyBird/DE1_SoC.sv Line: 121
Info (12127): Elaborating entity "DE1_SoC" for the top level hierarchy
Warning (10036): Verilog HDL or VHDL warning at DE1_SoC.sv(45): object "sw0" assigned a value but never read File: D:/cse369/FlappyBird/DE1_SoC.sv Line: 45
Info (12128): Elaborating entity "clock_divider" for hierarchy "clock_divider:divider" File: D:/cse369/FlappyBird/DE1_SoC.sv Line: 16
Info (12128): Elaborating entity "LEDDriver" for hierarchy "LEDDriver:Driver" File: D:/cse369/FlappyBird/DE1_SoC.sv Line: 34
Info (12128): Elaborating entity "key" for hierarchy "key:user_input" File: D:/cse369/FlappyBird/DE1_SoC.sv Line: 65
Info (12128): Elaborating entity "clock_1" for hierarchy "clock_1:clock1" File: D:/cse369/FlappyBird/DE1_SoC.sv Line: 69
Info (12128): Elaborating entity "clock_2" for hierarchy "clock_2:clock2" File: D:/cse369/FlappyBird/DE1_SoC.sv Line: 70
Info (12128): Elaborating entity "clock_3" for hierarchy "clock_3:clock3" File: D:/cse369/FlappyBird/DE1_SoC.sv Line: 71
Info (12128): Elaborating entity "Generate_Pipe" for hierarchy "Generate_Pipe:random_pipe" File: D:/cse369/FlappyBird/DE1_SoC.sv Line: 106
Warning (10027): Verilog HDL or VHDL warning at the Generate_Pipe.sv(66): index expression is not wide enough to address all of the elements in the array File: D:/cse369/FlappyBird/Generate_Pipe.sv Line: 66
Info (12128): Elaborating entity "LFSR_4bit" for hierarchy "Generate_Pipe:random_pipe|LFSR_4bit:random_num" File: D:/cse369/FlappyBird/Generate_Pipe.sv Line: 37
Info (12128): Elaborating entity "Generate_Pipe2" for hierarchy "Generate_Pipe2:random_pipe2" File: D:/cse369/FlappyBird/DE1_SoC.sv Line: 109
Warning (10027): Verilog HDL or VHDL warning at the Generate_Pipe2.sv(67): index expression is not wide enough to address all of the elements in the array File: D:/cse369/FlappyBird/Generate_Pipe2.sv Line: 67
Info (12128): Elaborating entity "Bird_Vertical" for hierarchy "Bird_Vertical:bird_position" File: D:/cse369/FlappyBird/DE1_SoC.sv Line: 121
Info (12128): Elaborating entity "game_status" for hierarchy "game_status:check_game" File: D:/cse369/FlappyBird/DE1_SoC.sv Line: 125
Info (12128): Elaborating entity "counter" for hierarchy "counter:score" File: D:/cse369/FlappyBird/DE1_SoC.sv Line: 132
Warning (10230): Verilog HDL assignment warning at counter.sv(23): truncated value with size 32 to match size of target (4) File: D:/cse369/FlappyBird/counter.sv Line: 23
Warning (10230): Verilog HDL assignment warning at counter.sv(27): truncated value with size 32 to match size of target (4) File: D:/cse369/FlappyBird/counter.sv Line: 27
Warning (10230): Verilog HDL assignment warning at counter.sv(33): truncated value with size 32 to match size of target (4) File: D:/cse369/FlappyBird/counter.sv Line: 33
Info (12128): Elaborating entity "LED_Display" for hierarchy "LED_Display:board" File: D:/cse369/FlappyBird/DE1_SoC.sv Line: 135
Info (12128): Elaborating entity "hex1" for hierarchy "hex1:hex_1" File: D:/cse369/FlappyBird/DE1_SoC.sv Line: 138
Warning (10230): Verilog HDL assignment warning at hex1.sv(13): truncated value with size 10 to match size of target (7) File: D:/cse369/FlappyBird/hex1.sv Line: 13
Warning (10230): Verilog HDL assignment warning at hex1.sv(14): truncated value with size 10 to match size of target (7) File: D:/cse369/FlappyBird/hex1.sv Line: 14
Warning (10230): Verilog HDL assignment warning at hex1.sv(15): truncated value with size 10 to match size of target (7) File: D:/cse369/FlappyBird/hex1.sv Line: 15
Warning (10230): Verilog HDL assignment warning at hex1.sv(16): truncated value with size 10 to match size of target (7) File: D:/cse369/FlappyBird/hex1.sv Line: 16
Warning (10230): Verilog HDL assignment warning at hex1.sv(17): truncated value with size 10 to match size of target (7) File: D:/cse369/FlappyBird/hex1.sv Line: 17
Warning (10230): Verilog HDL assignment warning at hex1.sv(18): truncated value with size 10 to match size of target (7) File: D:/cse369/FlappyBird/hex1.sv Line: 18
Warning (10230): Verilog HDL assignment warning at hex1.sv(19): truncated value with size 10 to match size of target (7) File: D:/cse369/FlappyBird/hex1.sv Line: 19
Warning (10230): Verilog HDL assignment warning at hex1.sv(20): truncated value with size 10 to match size of target (7) File: D:/cse369/FlappyBird/hex1.sv Line: 20
Warning (10230): Verilog HDL assignment warning at hex1.sv(21): truncated value with size 10 to match size of target (7) File: D:/cse369/FlappyBird/hex1.sv Line: 21
Warning (10230): Verilog HDL assignment warning at hex1.sv(22): truncated value with size 10 to match size of target (7) File: D:/cse369/FlappyBird/hex1.sv Line: 22
Warning (10230): Verilog HDL assignment warning at hex1.sv(28): truncated value with size 10 to match size of target (7) File: D:/cse369/FlappyBird/hex1.sv Line: 28
Warning (10230): Verilog HDL assignment warning at hex1.sv(29): truncated value with size 10 to match size of target (7) File: D:/cse369/FlappyBird/hex1.sv Line: 29
Warning (10230): Verilog HDL assignment warning at hex1.sv(30): truncated value with size 10 to match size of target (7) File: D:/cse369/FlappyBird/hex1.sv Line: 30
Warning (10230): Verilog HDL assignment warning at hex1.sv(31): truncated value with size 10 to match size of target (7) File: D:/cse369/FlappyBird/hex1.sv Line: 31
Warning (10230): Verilog HDL assignment warning at hex1.sv(32): truncated value with size 10 to match size of target (7) File: D:/cse369/FlappyBird/hex1.sv Line: 32
Warning (10230): Verilog HDL assignment warning at hex1.sv(33): truncated value with size 10 to match size of target (7) File: D:/cse369/FlappyBird/hex1.sv Line: 33
Warning (10230): Verilog HDL assignment warning at hex1.sv(34): truncated value with size 10 to match size of target (7) File: D:/cse369/FlappyBird/hex1.sv Line: 34
Warning (10230): Verilog HDL assignment warning at hex1.sv(35): truncated value with size 10 to match size of target (7) File: D:/cse369/FlappyBird/hex1.sv Line: 35
Warning (10230): Verilog HDL assignment warning at hex1.sv(36): truncated value with size 10 to match size of target (7) File: D:/cse369/FlappyBird/hex1.sv Line: 36
Warning (10230): Verilog HDL assignment warning at hex1.sv(37): truncated value with size 10 to match size of target (7) File: D:/cse369/FlappyBird/hex1.sv Line: 37
Warning (10230): Verilog HDL assignment warning at hex1.sv(42): truncated value with size 10 to match size of target (7) File: D:/cse369/FlappyBird/hex1.sv Line: 42
Warning (10230): Verilog HDL assignment warning at hex1.sv(43): truncated value with size 10 to match size of target (7) File: D:/cse369/FlappyBird/hex1.sv Line: 43
Warning (10230): Verilog HDL assignment warning at hex1.sv(44): truncated value with size 10 to match size of target (7) File: D:/cse369/FlappyBird/hex1.sv Line: 44
Warning (10230): Verilog HDL assignment warning at hex1.sv(45): truncated value with size 10 to match size of target (7) File: D:/cse369/FlappyBird/hex1.sv Line: 45
Warning (10230): Verilog HDL assignment warning at hex1.sv(46): truncated value with size 10 to match size of target (7) File: D:/cse369/FlappyBird/hex1.sv Line: 46
Warning (10230): Verilog HDL assignment warning at hex1.sv(47): truncated value with size 10 to match size of target (7) File: D:/cse369/FlappyBird/hex1.sv Line: 47
Warning (10230): Verilog HDL assignment warning at hex1.sv(48): truncated value with size 10 to match size of target (7) File: D:/cse369/FlappyBird/hex1.sv Line: 48
Warning (10230): Verilog HDL assignment warning at hex1.sv(49): truncated value with size 10 to match size of target (7) File: D:/cse369/FlappyBird/hex1.sv Line: 49
Warning (10230): Verilog HDL assignment warning at hex1.sv(50): truncated value with size 10 to match size of target (7) File: D:/cse369/FlappyBird/hex1.sv Line: 50
Warning (10230): Verilog HDL assignment warning at hex1.sv(51): truncated value with size 10 to match size of target (7) File: D:/cse369/FlappyBird/hex1.sv Line: 51
Warning (12241): 2 hierarchies have connectivity warnings - see the Connectivity Checks report folder
Info (286030): Timing-Driven Synthesis is running
Info (17049): 17 registers lost all their fanouts during netlist optimizations.
Info (144001): Generated suppressed messages file D:/cse369/FlappyBird/output_files/DE1_SoC.map.smsg
Info (16010): Generating hard_block partition "hard_block:auto_generated_inst"
    Info (16011): Adding 0 node(s), including 0 DDIO, 0 PLL, 0 transceiver and 0 LCELL
Info (21057): Implemented 232 device resources after synthesis - the final resource count might be different
    Info (21058): Implemented 15 input pins
    Info (21059): Implemented 67 output pins
    Info (21061): Implemented 150 logic cells
Info: Quartus Prime Analysis & Synthesis was successful. 0 errors, 38 warnings
    Info: Peak virtual memory: 4869 megabytes
    Info: Processing ended: Mon Dec 20 18:29:29 2021
    Info: Elapsed time: 00:00:11
    Info: Total CPU time (on all processors): 00:00:26


+------------------------------------------+
; Analysis & Synthesis Suppressed Messages ;
+------------------------------------------+
The suppressed messages can be found in D:/cse369/FlappyBird/output_files/DE1_SoC.map.smsg.


